demos/ima/buildout/outputs/logs/manifest-merger-debug-report.txt
-- Merging decision tree log ---
manifest
ADDED from src\main\AndroidManifest.xml:16:1-39:12
INJECTED from src\main\AndroidManifest.xml:16:1-39:12
INJECTED from src\main\AndroidManifest.xml:16:1-39:12
MERGED from [:library-ui] AndroidManifest.xml:17:1-25:12
MERGED from [:library-dash] AndroidManifest.xml:17:1-25:12
MERGED from [:library-hls] AndroidManifest.xml:17:1-25:12
MERGED from [:extension-ima] AndroidManifest.xml:2:1-13:12
MERGED from [:library-core] AndroidManifest.xml:17:1-25:12
MERGED from [com.google.android.gms:play-services-ads:11.4.2] AndroidManifest.xml:16:1-18:12
MERGED from [com.google.android.gms:play-services-ads-lite:11.4.2] AndroidManifest.xml:16:1-27:12
MERGED from [com.google.android.gms:play-services-gass:11.4.2] AndroidManifest.xml:2:1-5:12
MERGED from [com.google.android.gms:play-services-basement:11.4.2] AndroidManifest.xml:16:1-23:12
MERGED from [com.android.support:support-v4:27.0.0] AndroidManifest.xml:17:1-22:12
MERGED from [com.android.support:support-media-compat:27.0.0] AndroidManifest.xml:17:1-22:12
MERGED from [com.android.support:support-fragment:27.0.0] AndroidManifest.xml:17:1-22:12
MERGED from [com.android.support:support-core-utils:27.0.0] AndroidManifest.xml:17:1-22:12
MERGED from [com.android.support:support-core-ui:27.0.0] AndroidManifest.xml:17:1-22:12
MERGED from [com.android.support:support-compat:27.0.0] AndroidManifest.xml:17:1-22:12
MERGED from [com.google.android.gms:play-services-ads-license:11.4.2] AndroidManifest.xml:2:1-6:12
MERGED from [android.arch.lifecycle:runtime:1.0.0] AndroidManifest.xml:17:1-30:12
MERGED from [com.google.android.gms:play-services-ads-lite-license:11.4.2] AndroidManifest.xml:2:1-6:12
MERGED from [com.google.android.gms:play-services-basement-license:11.4.2] AndroidManifest.xml:2:1-6:12
MERGED from [com.google.android.gms:play-services-gass-license:11.4.2] AndroidManifest.xml:2:1-6:12
INJECTED from src\main\AndroidManifest.xml:16:1-39:12
INJECTED from src\main\AndroidManifest.xml:16:1-39:12
	package
		ADDED from src\main\AndroidManifest.xml:17:5-52
	android:versionName
		ADDED from src\main\AndroidManifest.xml:19:5-32
		INJECTED from src\main\AndroidManifest.xml
		INJECTED from src\main\AndroidManifest.xml
	xmlns:android
		ADDED from src\main\AndroidManifest.xml:16:11-69
	android:versionCode
		ADDED from src\main\AndroidManifest.xml:18:5-31
		INJECTED from src\main\AndroidManifest.xml
		INJECTED from src\main\AndroidManifest.xml
uses-permission#android.permission.INTERNET
ADDED from src\main\AndroidManifest.xml:21:3-64
MERGED from [com.google.android.gms:play-services-ads-lite:11.4.2] AndroidManifest.xml:19:5-66
MERGED from [com.google.android.gms:play-services-ads-lite:11.4.2] AndroidManifest.xml:19:5-66
	android:name
		ADDED from src\main\AndroidManifest.xml:21:20-62
uses-sdk
ADDED from src\main\AndroidManifest.xml:22:3-71
INJECTED from src\main\AndroidManifest.xml:22:3-71
INJECTED from src\main\AndroidManifest.xml:22:3-71
MERGED from [:library-ui] AndroidManifest.xml:21:5-23:41
MERGED from [:library-ui] AndroidManifest.xml:21:5-23:41
MERGED from [:library-dash] AndroidManifest.xml:21:5-23:41
MERGED from [:library-dash] AndroidManifest.xml:21:5-23:41
MERGED from [:library-hls] AndroidManifest.xml:21:5-23:41
MERGED from [:library-hls] AndroidManifest.xml:21:5-23:41
MERGED from [:extension-ima] AndroidManifest.xml:5:5-7:41
MERGED from [:extension-ima] AndroidManifest.xml:5:5-7:41
MERGED from [:library-core] AndroidManifest.xml:21:5-23:41
MERGED from [:library-core] AndroidManifest.xml:21:5-23:41
MERGED from [com.google.android.gms:play-services-ads:11.4.2] AndroidManifest.xml:17:5-94
MERGED from [com.google.android.gms:play-services-ads:11.4.2] AndroidManifest.xml:17:5-94
MERGED from [com.google.android.gms:play-services-ads-lite:11.4.2] AndroidManifest.xml:22:5-43
MERGED from [com.google.android.gms:play-services-ads-lite:11.4.2] AndroidManifest.xml:22:5-43
MERGED from [com.google.android.gms:play-services-gass:11.4.2] AndroidManifest.xml:3:5-43
MERGED from [com.google.android.gms:play-services-gass:11.4.2] AndroidManifest.xml:3:5-43
MERGED from [com.google.android.gms:play-services-basement:11.4.2] AndroidManifest.xml:17:5-43
MERGED from [com.google.android.gms:play-services-basement:11.4.2] AndroidManifest.xml:17:5-43
MERGED from [com.android.support:support-v4:27.0.0] AndroidManifest.xml:20:5-44
MERGED from [com.android.support:support-v4:27.0.0] AndroidManifest.xml:20:5-44
MERGED from [com.android.support:support-media-compat:27.0.0] AndroidManifest.xml:20:5-44
MERGED from [com.android.support:support-media-compat:27.0.0] AndroidManifest.xml:20:5-44
MERGED from [com.android.support:support-fragment:27.0.0] AndroidManifest.xml:20:5-44
MERGED from [com.android.support:support-fragment:27.0.0] AndroidManifest.xml:20:5-44
MERGED from [com.android.support:support-core-utils:27.0.0] AndroidManifest.xml:20:5-44
MERGED from [com.android.support:support-core-utils:27.0.0] AndroidManifest.xml:20:5-44
MERGED from [com.android.support:support-core-ui:27.0.0] AndroidManifest.xml:20:5-44
MERGED from [com.android.support:support-core-ui:27.0.0] AndroidManifest.xml:20:5-44
MERGED from [com.android.support:support-compat:27.0.0] AndroidManifest.xml:20:5-44
MERGED from [com.android.support:support-compat:27.0.0] AndroidManifest.xml:20:5-44
MERGED from [com.google.android.gms:play-services-ads-license:11.4.2] AndroidManifest.xml:4:5-43
MERGED from [com.google.android.gms:play-services-ads-license:11.4.2] AndroidManifest.xml:4:5-43
MERGED from [android.arch.lifecycle:runtime:1.0.0] AndroidManifest.xml:20:5-22:41
MERGED from [android.arch.lifecycle:runtime:1.0.0] AndroidManifest.xml:20:5-22:41
MERGED from [com.google.android.gms:play-services-ads-lite-license:11.4.2] AndroidManifest.xml:4:5-43
MERGED from [com.google.android.gms:play-services-ads-lite-license:11.4.2] AndroidManifest.xml:4:5-43
MERGED from [com.google.android.gms:play-services-basement-license:11.4.2] AndroidManifest.xml:4:5-43
MERGED from [com.google.android.gms:play-services-basement-license:11.4.2] AndroidManifest.xml:4:5-43
MERGED from [com.google.android.gms:play-services-gass-license:11.4.2] AndroidManifest.xml:4:5-43
MERGED from [com.google.android.gms:play-services-gass-license:11.4.2] AndroidManifest.xml:4:5-43
INJECTED from src\main\AndroidManifest.xml:22:3-71
INJECTED from src\main\AndroidManifest.xml:22:3-71
	tools:overrideLibrary
		ADDED from [com.google.android.gms:play-services-ads:11.4.2] AndroidManifest.xml:17:42-92
	android:targetSdkVersion
		ADDED from src\main\AndroidManifest.xml:22:40-69
		INJECTED from src\main\AndroidManifest.xml
		INJECTED from src\main\AndroidManifest.xml
	android:minSdkVersion
		ADDED from src\main\AndroidManifest.xml:22:13-39
		INJECTED from src\main\AndroidManifest.xml
		INJECTED from src\main\AndroidManifest.xml
application
ADDED from src\main\AndroidManifest.xml:24:3-37:17
MERGED from [com.google.android.gms:play-services-ads-lite:11.4.2] AndroidManifest.xml:23:5-26:19
MERGED from [com.google.android.gms:play-services-ads-lite:11.4.2] AndroidManifest.xml:23:5-26:19
MERGED from [com.google.android.gms:play-services-gass:11.4.2] AndroidManifest.xml:4:5-19
MERGED from [com.google.android.gms:play-services-gass:11.4.2] AndroidManifest.xml:4:5-19
MERGED from [com.google.android.gms:play-services-basement:11.4.2] AndroidManifest.xml:19:5-21:19
MERGED from [com.google.android.gms:play-services-basement:11.4.2] AndroidManifest.xml:19:5-21:19
MERGED from [com.google.android.gms:play-services-ads-license:11.4.2] AndroidManifest.xml:5:5-20
MERGED from [com.google.android.gms:play-services-ads-license:11.4.2] AndroidManifest.xml:5:5-20
MERGED from [android.arch.lifecycle:runtime:1.0.0] AndroidManifest.xml:24:5-28:19
MERGED from [android.arch.lifecycle:runtime:1.0.0] AndroidManifest.xml:24:5-28:19
MERGED from [com.google.android.gms:play-services-ads-lite-license:11.4.2] AndroidManifest.xml:5:5-20
MERGED from [com.google.android.gms:play-services-ads-lite-license:11.4.2] AndroidManifest.xml:5:5-20
MERGED from [com.google.android.gms:play-services-basement-license:11.4.2] AndroidManifest.xml:5:5-20
MERGED from [com.google.android.gms:play-services-basement-license:11.4.2] AndroidManifest.xml:5:5-20
MERGED from [com.google.android.gms:play-services-gass-license:11.4.2] AndroidManifest.xml:5:5-20
MERGED from [com.google.android.gms:play-services-gass-license:11.4.2] AndroidManifest.xml:5:5-20
	android:label
		ADDED from src\main\AndroidManifest.xml:24:16-56
	android:largeHeap
		ADDED from src\main\AndroidManifest.xml:25:7-31
	android:icon
		ADDED from src\main\AndroidManifest.xml:24:57-91
	android:allowBackup
		ADDED from src\main\AndroidManifest.xml:25:32-59
activity#com.google.android.exoplayer2.imademo.MainActivity
ADDED from src\main\AndroidManifest.xml:27:5-35:16
	android:label
		ADDED from src\main\AndroidManifest.xml:29:9-49
	android:configChanges
		ADDED from src\main\AndroidManifest.xml:28:9-118
	android:theme
		ADDED from src\main\AndroidManifest.xml:30:9-43
	android:name
		ADDED from src\main\AndroidManifest.xml:27:15-80
intent-filter#android.intent.action.MAIN+android.intent.category.LAUNCHER
ADDED from src\main\AndroidManifest.xml:31:7-34:23
action#android.intent.action.MAIN
ADDED from src\main\AndroidManifest.xml:32:9-60
	android:name
		ADDED from src\main\AndroidManifest.xml:32:17-58
category#android.intent.category.LAUNCHER
ADDED from src\main\AndroidManifest.xml:33:9-68
	android:name
		ADDED from src\main\AndroidManifest.xml:33:19-66
meta-data#com.google.android.gms.version
ADDED from [:extension-ima] AndroidManifest.xml:9:5-11:65
	android:value
		ADDED from [:extension-ima] AndroidManifest.xml:11:9-62
	android:name
		ADDED from [:extension-ima] AndroidManifest.xml:10:9-54
uses-permission#android.permission.ACCESS_NETWORK_STATE
ADDED from [com.google.android.gms:play-services-ads-lite:11.4.2] AndroidManifest.xml:20:5-78
	android:name
		ADDED from [com.google.android.gms:play-services-ads-lite:11.4.2] AndroidManifest.xml:20:22-76
activity#com.google.android.gms.ads.AdActivity
ADDED from [com.google.android.gms:play-services-ads-lite:11.4.2] AndroidManifest.xml:25:9-257
	android:exported
		ADDED from [com.google.android.gms:play-services-ads-lite:11.4.2] AndroidManifest.xml:25:231-255
	android:configChanges
		ADDED from [com.google.android.gms:play-services-ads-lite:11.4.2] AndroidManifest.xml:25:72-181
	android:theme
		ADDED from [com.google.android.gms:play-services-ads-lite:11.4.2] AndroidManifest.xml:25:182-230
	android:name
		ADDED from [com.google.android.gms:play-services-ads-lite:11.4.2] AndroidManifest.xml:25:19-71
meta-data#android.arch.lifecycle.VERSION
ADDED from [android.arch.lifecycle:runtime:1.0.0] AndroidManifest.xml:25:9-27:47
	android:value
		ADDED from [android.arch.lifecycle:runtime:1.0.0] AndroidManifest.xml:27:13-44
	android:name
		ADDED from [android.arch.lifecycle:runtime:1.0.0] AndroidManifest.xml:26:13-58